<?xml version="1.0" encoding="UTF-8"?>
<!-- Generated by org.testng.reporters.JUnitXMLReporter -->
<testsuite hostname="DESKTOP-S399T5F" ignored="8" name="APIAutomation" tests="6" failures="0" timestamp="10 Apr 2020 15:01:01 GMT" time="23.005" errors="0">
  <testcase name="uploadFiletillComplete" time="3.764" classname="tests.E2EUpload"/>
  <testcase name="reduceBytesAfterComplete" time="2.125" classname="tests.FunctionalUploadFile"/>
  <testcase name="uploadFileSizeZero" time="1.272" classname="tests.FunctionalUploadFile"/>
  <testcase name="uploadInvalidTokenGet" time="1.319" classname="tests.FunctionalUploadToken"/>
  <testcase name="uploadInvalidTokenPost" time="0.248" classname="tests.FunctionalUploadToken"/>
  <testcase name="uploadInvalidTokenPut" time="1.54" classname="tests.FunctionalUploadToken"/>
  <testcase name="@BeforeSuite initialSetup" time="0.0" classname="utilities.TestBase">
    <ignored/>
  </testcase> <!-- @BeforeSuite initialSetup -->
  <testcase name="@BeforeSuite initialSetup" time="0.0" classname="utilities.TestBase">
    <ignored/>
  </testcase> <!-- @BeforeSuite initialSetup -->
  <testcase name="@AfterTest scenarioteardown" time="0.0" classname="utilities.CommonScenarios">
    <ignored/>
  </testcase> <!-- @AfterTest scenarioteardown -->
  <testcase name="@AfterTest scenarioteardown" time="0.0" classname="utilities.CommonScenarios">
    <ignored/>
  </testcase> <!-- @AfterTest scenarioteardown -->
  <testcase name="@BeforeTest scenarioSetup" time="0.0" classname="utilities.CommonScenarios">
    <ignored/>
  </testcase> <!-- @BeforeTest scenarioSetup -->
  <testcase name="@BeforeTest scenarioSetup" time="0.0" classname="utilities.CommonScenarios">
    <ignored/>
  </testcase> <!-- @BeforeTest scenarioSetup -->
  <testcase name="@AfterSuite tearDown" time="0.0" classname="utilities.TestBase">
    <ignored/>
  </testcase> <!-- @AfterSuite tearDown -->
  <testcase name="@AfterSuite tearDown" time="0.0" classname="utilities.TestBase">
    <ignored/>
  </testcase> <!-- @AfterSuite tearDown -->
</testsuite> <!-- APIAutomation -->
