<?xml version="1.0" encoding="UTF-8"?>
<testng-results ignored="0" total="1" passed="1" failed="0" skipped="0">
  <reporter-output>
  </reporter-output>
  <suite started-at="2020-04-11T11:32:41 IST" name="Default suite" finished-at="2020-04-11T11:33:07 IST" duration-ms="25705">
    <groups>
    </groups>
    <test started-at="2020-04-11T11:32:41 IST" name="Default test" finished-at="2020-04-11T11:33:07 IST" duration-ms="25705">
      <class name="resources.Utilities">
        <test-method signature="getToken()[pri:0, instance:resources.Utilities@3e6ef8ad]" started-at="2020-04-11T11:32:41 IST" name="getToken" finished-at="2020-04-11T11:33:07 IST" duration-ms="25632" status="PASS">
          <reporter-output>
          </reporter-output>
        </test-method> <!-- getToken -->
      </class> <!-- resources.Utilities -->
    </test> <!-- Default test -->
  </suite> <!-- Default suite -->
</testng-results>
