<?xml version="1.0" encoding="UTF-8"?>
<!-- Generated by org.testng.reporters.JUnitXMLReporter -->
<testsuite hostname="DESKTOP-S399T5F" ignored="8" name="APIAutomation" tests="4" failures="0" timestamp="11 Apr 2020 20:14:14 GMT" time="72.916" errors="0">
  <testcase name="uploadFile" time="9.919" classname="testCases.UploadFileScenario"/>
  <testcase name="approveShare" time="11.415" classname="testCases.FilesShareScenario"/>
  <testcase name="rejectShare" time="8.718" classname="testCases.FilesShareScenario"/>
  <testcase name="deleteFile" time="9.955" classname="testCases.DeleteScenario"/>
  <testcase name="@AfterTest scenarioTeardown" time="0.0" classname="utilities.Hooks">
    <ignored/>
  </testcase> <!-- @AfterTest scenarioTeardown -->
  <testcase name="@AfterTest scenarioTeardown" time="0.0" classname="utilities.Hooks">
    <ignored/>
  </testcase> <!-- @AfterTest scenarioTeardown -->
  <testcase name="@AfterSuite tearDown" time="0.0" classname="utilities.TestBase">
    <ignored/>
  </testcase> <!-- @AfterSuite tearDown -->
  <testcase name="@AfterSuite tearDown" time="0.0" classname="utilities.TestBase">
    <ignored/>
  </testcase> <!-- @AfterSuite tearDown -->
  <testcase name="@BeforeSuite initEssentials" time="0.0" classname="utilities.TestBase">
    <ignored/>
  </testcase> <!-- @BeforeSuite initEssentials -->
  <testcase name="@BeforeSuite initEssentials" time="0.0" classname="utilities.TestBase">
    <ignored/>
  </testcase> <!-- @BeforeSuite initEssentials -->
  <testcase name="@BeforeTest scenarioSetup" time="0.0" classname="utilities.Hooks">
    <ignored/>
  </testcase> <!-- @BeforeTest scenarioSetup -->
  <testcase name="@BeforeTest scenarioSetup" time="0.0" classname="utilities.Hooks">
    <ignored/>
  </testcase> <!-- @BeforeTest scenarioSetup -->
</testsuite> <!-- APIAutomation -->
