<?xml version="1.0" encoding="UTF-8"?>
<testng-results skipped="0" failed="0" ignored="0" total="1" passed="1">
  <reporter-output>
  </reporter-output>
  <suite name="APIComplete" duration-ms="20157" started-at="2020-04-08T13:22:33Z" finished-at="2020-04-08T13:22:53Z">
    <groups>
    </groups>
    <test name="APIAutomation" duration-ms="20157" started-at="2020-04-08T13:22:33Z" finished-at="2020-04-08T13:22:53Z">
      <class name="tests.UploadE2E">
        <test-method status="PASS" signature="initialSetup()[pri:0, instance:tests.UploadE2E@7c0e2abd]" name="initialSetup" is-config="true" duration-ms="9" started-at="2020-04-08T13:22:33Z" finished-at="2020-04-08T13:22:33Z">
          <reporter-output>
          </reporter-output>
        </test-method> <!-- initialSetup -->
        <test-method status="PASS" signature="scenarioSetup()[pri:0, instance:tests.UploadE2E@7c0e2abd]" name="scenarioSetup" is-config="true" duration-ms="14522" started-at="2020-04-08T13:22:33Z" finished-at="2020-04-08T13:22:47Z">
          <reporter-output>
          </reporter-output>
        </test-method> <!-- scenarioSetup -->
        <test-method status="PASS" signature="testSetup()[pri:0, instance:tests.UploadE2E@7c0e2abd]" name="testSetup" is-config="true" duration-ms="0" started-at="2020-04-08T13:22:47Z" finished-at="2020-04-08T13:22:47Z">
          <reporter-output>
          </reporter-output>
        </test-method> <!-- testSetup -->
        <test-method status="PASS" signature="uploadFiletillComplete()[pri:0, instance:tests.UploadE2E@7c0e2abd]" name="uploadFiletillComplete" duration-ms="4364" started-at="2020-04-08T13:22:47Z" finished-at="2020-04-08T13:22:51Z">
          <reporter-output>
          </reporter-output>
        </test-method> <!-- uploadFiletillComplete -->
        <test-method status="PASS" signature="testteardown()[pri:0, instance:tests.UploadE2E@7c0e2abd]" name="testteardown" is-config="true" duration-ms="0" started-at="2020-04-08T13:22:51Z" finished-at="2020-04-08T13:22:51Z">
          <reporter-output>
          </reporter-output>
        </test-method> <!-- testteardown -->
        <test-method status="PASS" signature="scenarioteardown()[pri:0, instance:tests.UploadE2E@7c0e2abd]" name="scenarioteardown" is-config="true" duration-ms="1258" started-at="2020-04-08T13:22:51Z" finished-at="2020-04-08T13:22:53Z">
          <reporter-output>
          </reporter-output>
        </test-method> <!-- scenarioteardown -->
        <test-method status="PASS" signature="tearDown()[pri:0, instance:tests.UploadE2E@7c0e2abd]" name="tearDown" is-config="true" duration-ms="0" started-at="2020-04-08T13:22:53Z" finished-at="2020-04-08T13:22:53Z">
          <reporter-output>
          </reporter-output>
        </test-method> <!-- tearDown -->
      </class> <!-- tests.UploadE2E -->
    </test> <!-- APIAutomation -->
  </suite> <!-- APIComplete -->
</testng-results>
