<?xml version="1.0" encoding="UTF-8"?>
<testsuite xmlns:xsi="http://www.w3.org/2001/XMLSchema-instance" xsi:noNamespaceSchemaLocation="https://maven.apache.org/surefire/maven-surefire-plugin/xsd/surefire-test-report-3.0.xsd" version="3.0" name="TestSuite" time="74.615" tests="4" errors="0" skipped="0" failures="0">
  <properties>
[...]
</properties>
  <testcase name="uploadFile" classname="testCases.UploadFileScenario" time="9.919"/>
  <testcase name="approveShare" classname="testCases.FilesShareScenario" time="11.415"/>
  <testcase name="rejectShare" classname="testCases.FilesShareScenario" time="8.719"/>
  <testcase name="deleteFile" classname="testCases.DeleteScenario" time="9.955"/>
</testsuite>