<?xml version="1.0" encoding="UTF-8"?>
<testng-results skipped="0" failed="0" ignored="8" total="14" passed="6">
  <reporter-output>
  </reporter-output>
  <suite name="APIComplete" duration-ms="23005" started-at="2020-04-10T15:00:38Z" finished-at="2020-04-10T15:01:01Z">
    <groups>
    </groups>
    <test name="APIAutomation" duration-ms="23005" started-at="2020-04-10T15:00:38Z" finished-at="2020-04-10T15:01:01Z">
      <class name="tests.E2EUpload">
        <test-method status="PASS" signature="initialSetup()[pri:0, instance:tests.E2EUpload@73ad2d6]" name="initialSetup" is-config="true" duration-ms="12" started-at="2020-04-10T15:00:38Z" finished-at="2020-04-10T15:00:38Z">
          <reporter-output>
          </reporter-output>
        </test-method> <!-- initialSetup -->
        <test-method status="PASS" signature="scenarioSetup()[pri:0, instance:tests.E2EUpload@73ad2d6]" name="scenarioSetup" is-config="true" duration-ms="11587" started-at="2020-04-10T15:00:38Z" finished-at="2020-04-10T15:00:50Z">
          <reporter-output>
          </reporter-output>
        </test-method> <!-- scenarioSetup -->
        <test-method status="PASS" signature="testSetup()[pri:0, instance:tests.E2EUpload@73ad2d6]" name="testSetup" is-config="true" duration-ms="0" started-at="2020-04-10T15:00:50Z" finished-at="2020-04-10T15:00:50Z">
          <reporter-output>
          </reporter-output>
        </test-method> <!-- testSetup -->
        <test-method status="PASS" signature="uploadFiletillComplete()[pri:0, instance:tests.E2EUpload@73ad2d6]" name="uploadFiletillComplete" duration-ms="3764" started-at="2020-04-10T15:00:50Z" finished-at="2020-04-10T15:00:54Z">
          <reporter-output>
          </reporter-output>
        </test-method> <!-- uploadFiletillComplete -->
        <test-method status="PASS" signature="testteardown()[pri:0, instance:tests.E2EUpload@73ad2d6]" name="testteardown" is-config="true" duration-ms="0" started-at="2020-04-10T15:00:54Z" finished-at="2020-04-10T15:00:54Z">
          <reporter-output>
          </reporter-output>
        </test-method> <!-- testteardown -->
        <test-method status="PASS" signature="scenarioteardown()[pri:0, instance:tests.E2EUpload@73ad2d6]" name="scenarioteardown" is-config="true" duration-ms="1129" started-at="2020-04-10T15:01:00Z" finished-at="2020-04-10T15:01:01Z">
          <reporter-output>
          </reporter-output>
        </test-method> <!-- scenarioteardown -->
        <test-method status="PASS" signature="tearDown()[pri:0, instance:tests.E2EUpload@73ad2d6]" name="tearDown" is-config="true" duration-ms="0" started-at="2020-04-10T15:01:01Z" finished-at="2020-04-10T15:01:01Z">
          <reporter-output>
          </reporter-output>
        </test-method> <!-- tearDown -->
      </class> <!-- tests.E2EUpload -->
      <class name="tests.FunctionalUploadFile">
        <test-method status="PASS" signature="testSetup()[pri:0, instance:tests.FunctionalUploadFile@7085bdee]" name="testSetup" is-config="true" duration-ms="0" started-at="2020-04-10T15:00:54Z" finished-at="2020-04-10T15:00:54Z">
          <reporter-output>
          </reporter-output>
        </test-method> <!-- testSetup -->
        <test-method status="PASS" signature="reduceBytesAfterComplete()[pri:0, instance:tests.FunctionalUploadFile@7085bdee]" name="reduceBytesAfterComplete" duration-ms="2125" started-at="2020-04-10T15:00:54Z" finished-at="2020-04-10T15:00:56Z">
          <reporter-output>
          </reporter-output>
        </test-method> <!-- reduceBytesAfterComplete -->
        <test-method status="PASS" signature="testSetup()[pri:0, instance:tests.FunctionalUploadFile@7085bdee]" name="testSetup" is-config="true" duration-ms="1" started-at="2020-04-10T15:00:56Z" finished-at="2020-04-10T15:00:56Z">
          <reporter-output>
          </reporter-output>
        </test-method> <!-- testSetup -->
        <test-method status="PASS" signature="testteardown()[pri:0, instance:tests.FunctionalUploadFile@7085bdee]" name="testteardown" is-config="true" duration-ms="0" started-at="2020-04-10T15:00:56Z" finished-at="2020-04-10T15:00:56Z">
          <reporter-output>
          </reporter-output>
        </test-method> <!-- testteardown -->
        <test-method status="PASS" signature="uploadFileSizeZero()[pri:0, instance:tests.FunctionalUploadFile@7085bdee]" name="uploadFileSizeZero" duration-ms="1272" started-at="2020-04-10T15:00:56Z" finished-at="2020-04-10T15:00:57Z">
          <reporter-output>
          </reporter-output>
        </test-method> <!-- uploadFileSizeZero -->
        <test-method status="PASS" signature="testteardown()[pri:0, instance:tests.FunctionalUploadFile@7085bdee]" name="testteardown" is-config="true" duration-ms="1" started-at="2020-04-10T15:00:57Z" finished-at="2020-04-10T15:00:57Z">
          <reporter-output>
          </reporter-output>
        </test-method> <!-- testteardown -->
      </class> <!-- tests.FunctionalUploadFile -->
      <class name="tests.FunctionalUploadToken">
        <test-method status="PASS" signature="testSetup()[pri:0, instance:tests.FunctionalUploadToken@1ce92674]" name="testSetup" is-config="true" duration-ms="0" started-at="2020-04-10T15:00:57Z" finished-at="2020-04-10T15:00:57Z">
          <reporter-output>
          </reporter-output>
        </test-method> <!-- testSetup -->
        <test-method status="PASS" signature="uploadInvalidTokenGet()[pri:0, instance:tests.FunctionalUploadToken@1ce92674]" name="uploadInvalidTokenGet" duration-ms="1319" started-at="2020-04-10T15:00:57Z" finished-at="2020-04-10T15:00:59Z">
          <reporter-output>
          </reporter-output>
        </test-method> <!-- uploadInvalidTokenGet -->
        <test-method status="PASS" signature="testteardown()[pri:0, instance:tests.FunctionalUploadToken@1ce92674]" name="testteardown" is-config="true" duration-ms="0" started-at="2020-04-10T15:00:59Z" finished-at="2020-04-10T15:00:59Z">
          <reporter-output>
          </reporter-output>
        </test-method> <!-- testteardown -->
        <test-method status="PASS" signature="uploadInvalidTokenPost()[pri:0, instance:tests.FunctionalUploadToken@1ce92674]" name="uploadInvalidTokenPost" duration-ms="248" started-at="2020-04-10T15:00:59Z" finished-at="2020-04-10T15:00:59Z">
          <reporter-output>
          </reporter-output>
        </test-method> <!-- uploadInvalidTokenPost -->
        <test-method status="PASS" signature="testSetup()[pri:0, instance:tests.FunctionalUploadToken@1ce92674]" name="testSetup" is-config="true" duration-ms="0" started-at="2020-04-10T15:00:59Z" finished-at="2020-04-10T15:00:59Z">
          <reporter-output>
          </reporter-output>
        </test-method> <!-- testSetup -->
        <test-method status="PASS" signature="testSetup()[pri:0, instance:tests.FunctionalUploadToken@1ce92674]" name="testSetup" is-config="true" duration-ms="0" started-at="2020-04-10T15:00:59Z" finished-at="2020-04-10T15:00:59Z">
          <reporter-output>
          </reporter-output>
        </test-method> <!-- testSetup -->
        <test-method status="PASS" signature="testteardown()[pri:0, instance:tests.FunctionalUploadToken@1ce92674]" name="testteardown" is-config="true" duration-ms="0" started-at="2020-04-10T15:00:59Z" finished-at="2020-04-10T15:00:59Z">
          <reporter-output>
          </reporter-output>
        </test-method> <!-- testteardown -->
        <test-method status="PASS" signature="uploadInvalidTokenPut()[pri:0, instance:tests.FunctionalUploadToken@1ce92674]" name="uploadInvalidTokenPut" duration-ms="1540" started-at="2020-04-10T15:00:59Z" finished-at="2020-04-10T15:01:00Z">
          <reporter-output>
          </reporter-output>
        </test-method> <!-- uploadInvalidTokenPut -->
        <test-method status="PASS" signature="testteardown()[pri:0, instance:tests.FunctionalUploadToken@1ce92674]" name="testteardown" is-config="true" duration-ms="0" started-at="2020-04-10T15:01:00Z" finished-at="2020-04-10T15:01:00Z">
          <reporter-output>
          </reporter-output>
        </test-method> <!-- testteardown -->
      </class> <!-- tests.FunctionalUploadToken -->
    </test> <!-- APIAutomation -->
  </suite> <!-- APIComplete -->
</testng-results>
