<?xml version="1.0" encoding="UTF-8"?>
<testng-results skipped="0" failed="0" ignored="0" total="1" passed="1">
  <reporter-output>
  </reporter-output>
  <suite name="APIComplete" duration-ms="31732" started-at="2020-04-11T19:59:41Z" finished-at="2020-04-11T20:00:12Z">
    <groups>
    </groups>
    <test name="APIAutomation" duration-ms="31732" started-at="2020-04-11T19:59:41Z" finished-at="2020-04-11T20:00:12Z">
      <class name="testCases.DeleteScenario">
        <test-method status="PASS" signature="initEssentials()[pri:0, instance:testCases.DeleteScenario@490ab905]" name="initEssentials" is-config="true" duration-ms="10" started-at="2020-04-11T19:59:41Z" finished-at="2020-04-11T19:59:41Z">
          <reporter-output>
          </reporter-output>
        </test-method> <!-- initEssentials -->
        <test-method status="PASS" signature="scenarioSetup()[pri:0, instance:testCases.DeleteScenario@490ab905]" name="scenarioSetup" is-config="true" duration-ms="26464" started-at="2020-04-11T19:59:41Z" finished-at="2020-04-11T20:00:07Z">
          <reporter-output>
          </reporter-output>
        </test-method> <!-- scenarioSetup -->
        <test-method status="PASS" signature="testSetup()[pri:0, instance:testCases.DeleteScenario@490ab905]" name="testSetup" is-config="true" duration-ms="1" started-at="2020-04-11T20:00:07Z" finished-at="2020-04-11T20:00:07Z">
          <reporter-output>
          </reporter-output>
        </test-method> <!-- testSetup -->
        <test-method status="PASS" signature="deleteFile()[pri:0, instance:testCases.DeleteScenario@490ab905]" name="deleteFile" duration-ms="5253" started-at="2020-04-11T20:00:07Z" finished-at="2020-04-11T20:00:12Z">
          <reporter-output>
          </reporter-output>
        </test-method> <!-- deleteFile -->
        <test-method status="PASS" signature="testTeardown()[pri:0, instance:testCases.DeleteScenario@490ab905]" name="testTeardown" is-config="true" duration-ms="1" started-at="2020-04-11T20:00:12Z" finished-at="2020-04-11T20:00:12Z">
          <reporter-output>
          </reporter-output>
        </test-method> <!-- testTeardown -->
        <test-method status="PASS" signature="scenarioTeardown()[pri:0, instance:testCases.DeleteScenario@490ab905]" name="scenarioTeardown" is-config="true" duration-ms="0" started-at="2020-04-11T20:00:12Z" finished-at="2020-04-11T20:00:12Z">
          <reporter-output>
          </reporter-output>
        </test-method> <!-- scenarioTeardown -->
        <test-method status="PASS" signature="tearDown()[pri:0, instance:testCases.DeleteScenario@490ab905]" name="tearDown" is-config="true" duration-ms="1185" started-at="2020-04-11T20:00:12Z" finished-at="2020-04-11T20:00:14Z">
          <reporter-output>
          </reporter-output>
        </test-method> <!-- tearDown -->
      </class> <!-- testCases.DeleteScenario -->
    </test> <!-- APIAutomation -->
  </suite> <!-- APIComplete -->
</testng-results>
